c:\users\admin\source\repos\tetris\tetris\debug\vc141.pdb
c:\users\admin\source\repos\tetris\tetris\debug\vc141.idb
c:\users\admin\source\repos\tetris\tetris\debug\decoration.obj
c:\users\admin\source\repos\tetris\tetris\debug\backgroundwork.obj
c:\users\admin\source\repos\tetris\tetris\debug\main.obj
c:\users\admin\source\repos\tetris\tetris\debug\controller.obj
c:\users\admin\source\repos\tetris\debug\tetris.exe
c:\users\admin\source\repos\tetris\debug\tetris.ilk
c:\users\admin\source\repos\tetris\debug\tetris.pdb
c:\users\admin\source\repos\tetris\tetris\debug\tetris.tlog\cl.command.1.tlog
c:\users\admin\source\repos\tetris\tetris\debug\tetris.tlog\cl.read.1.tlog
c:\users\admin\source\repos\tetris\tetris\debug\tetris.tlog\cl.write.1.tlog
c:\users\admin\source\repos\tetris\tetris\debug\tetris.tlog\link.8016-cvtres.read.1.tlog
c:\users\admin\source\repos\tetris\tetris\debug\tetris.tlog\link.8016-cvtres.write.1.tlog
c:\users\admin\source\repos\tetris\tetris\debug\tetris.tlog\link.8016-rc.read.1.tlog
c:\users\admin\source\repos\tetris\tetris\debug\tetris.tlog\link.8016-rc.write.1.tlog
c:\users\admin\source\repos\tetris\tetris\debug\tetris.tlog\link.8016.read.1.tlog
c:\users\admin\source\repos\tetris\tetris\debug\tetris.tlog\link.8016.write.1.tlog
c:\users\admin\source\repos\tetris\tetris\debug\tetris.tlog\link.command.1.tlog
c:\users\admin\source\repos\tetris\tetris\debug\tetris.tlog\link.read.1.tlog
c:\users\admin\source\repos\tetris\tetris\debug\tetris.tlog\link.write.1.tlog
